flutter_camera_demo-master/build/app/intermediates/proguard-rules/release/aapt_rules.txt
# Referenced at full/release/AndroidManifest.xml:26
-keep class androidx.core.app.CoreComponentFactory { <init>(); }
# Referenced at full/release/AndroidManifest.xml:31
-keep class com.aeologic.fluttercameraapp.MainActivity { <init>(); }
# Referenced at full/release/AndroidManifest.xml:26
-keep class io.flutter.app.FlutterApplication { <init>(); }