flutter_camera_demo-master/build/app/outputs/mapping/release/seeds.txt
com.aeologic.fluttercameraapp.MainActivity
com.aeologic.fluttercameraapp.MainActivity: MainActivity()
com.aeologic.fluttercameraapp.R$attr: int alpha
com.aeologic.fluttercameraapp.R$attr: int font
com.aeologic.fluttercameraapp.R$attr: int fontProviderAuthority
com.aeologic.fluttercameraapp.R$attr: int fontProviderCerts
com.aeologic.fluttercameraapp.R$attr: int fontProviderFetchStrategy
com.aeologic.fluttercameraapp.R$attr: int fontProviderFetchTimeout
com.aeologic.fluttercameraapp.R$attr: int fontProviderPackage
com.aeologic.fluttercameraapp.R$attr: int fontProviderQuery
com.aeologic.fluttercameraapp.R$attr: int fontStyle
com.aeologic.fluttercameraapp.R$attr: int fontVariationSettings
com.aeologic.fluttercameraapp.R$attr: int fontWeight
com.aeologic.fluttercameraapp.R$attr: int ttcIndex
com.aeologic.fluttercameraapp.R$color: int notification_action_color_filter
com.aeologic.fluttercameraapp.R$color: int notification_icon_bg_color
com.aeologic.fluttercameraapp.R$color: int ripple_material_light
com.aeologic.fluttercameraapp.R$color: int secondary_text_default_material_light
com.aeologic.fluttercameraapp.R$dimen: int compat_button_inset_horizontal_material
com.aeologic.fluttercameraapp.R$dimen: int compat_button_inset_vertical_material
com.aeologic.fluttercameraapp.R$dimen: int compat_button_padding_horizontal_material
com.aeologic.fluttercameraapp.R$dimen: int compat_button_padding_vertical_material
com.aeologic.fluttercameraapp.R$dimen: int compat_control_corner_material
com.aeologic.fluttercameraapp.R$dimen: int compat_notification_large_icon_max_height
com.aeologic.fluttercameraapp.R$dimen: int compat_notification_large_icon_max_width
com.aeologic.fluttercameraapp.R$dimen: int notification_action_icon_size
com.aeologic.fluttercameraapp.R$dimen: int notification_action_text_size
com.aeologic.fluttercameraapp.R$dimen: int notification_big_circle_margin
com.aeologic.fluttercameraapp.R$dimen: int notification_content_margin_start
com.aeologic.fluttercameraapp.R$dimen: int notification_large_icon_height
com.aeologic.fluttercameraapp.R$dimen: int notification_large_icon_width
com.aeologic.fluttercameraapp.R$dimen: int notification_main_column_padding_top
com.aeologic.fluttercameraapp.R$dimen: int notification_media_narrow_margin
com.aeologic.fluttercameraapp.R$dimen: int notification_right_icon_size
com.aeologic.fluttercameraapp.R$dimen: int notification_right_side_padding_top
com.aeologic.fluttercameraapp.R$dimen: int notification_small_icon_background_padding
com.aeologic.fluttercameraapp.R$dimen: int notification_small_icon_size_as_large
com.aeologic.fluttercameraapp.R$drawable: int launch_background
com.aeologic.fluttercameraapp.R$drawable: int notification_action_background
com.aeologic.fluttercameraapp.R$drawable: int notification_bg
com.aeologic.fluttercameraapp.R$drawable: int notification_bg_low
com.aeologic.fluttercameraapp.R$drawable: int notification_bg_low_normal
com.aeologic.fluttercameraapp.R$drawable: int notification_bg_low_pressed
com.aeologic.fluttercameraapp.R$drawable: int notification_bg_normal
com.aeologic.fluttercameraapp.R$drawable: int notification_bg_normal_pressed
com.aeologic.fluttercameraapp.R$drawable: int notification_icon_background
com.aeologic.fluttercameraapp.R$drawable: int notification_template_icon_bg
com.aeologic.fluttercameraapp.R$drawable: int notification_template_icon_low_bg
com.aeologic.fluttercameraapp.R$drawable: int notification_tile_bg
com.aeologic.fluttercameraapp.R$drawable: int notify_panel_notification_icon_bg
...
androidx.fragment.R$integer: int status_bar_notification_info_maxnum
androidx.fragment.R$layout: int custom_dialog
androidx.fragment.R$layout: int notification_action
androidx.fragment.R$layout: int notification_action_tombstone
androidx.fragment.R$layout: int notification_template_custom_big
androidx.fragment.R$layout: int notification_template_icon_group
androidx.fragment.R$layout: int notification_template_part_chronometer
androidx.fragment.R$layout: int notification_template_part_time
androidx.fragment.R$string: int status_bar_notification_info_overflow
androidx.fragment.R$style: int TextAppearance_Compat_Notification
androidx.fragment.R$style: int TextAppearance_Compat_Notification_Info
androidx.fragment.R$style: int TextAppearance_Compat_Notification_Line2
androidx.fragment.R$style: int TextAppearance_Compat_Notification_Time
androidx.fragment.R$style: int TextAppearance_Compat_Notification_Title
androidx.fragment.R$style: int Widget_Compat_NotificationActionContainer
androidx.fragment.R$style: int Widget_Compat_NotificationActionText
androidx.fragment.R$styleable: int[] ColorStateListItem
androidx.fragment.R$styleable: int ColorStateListItem_android_color
androidx.fragment.R$styleable: int ColorStateListItem_android_alpha
androidx.fragment.R$styleable: int ColorStateListItem_alpha
androidx.fragment.R$styleable: int[] FontFamily
androidx.fragment.R$styleable: int FontFamily_fontProviderAuthority
androidx.fragment.R$styleable: int FontFamily_fontProviderCerts
androidx.fragment.R$styleable: int FontFamily_fontProviderFetchStrategy
androidx.fragment.R$styleable: int FontFamily_fontProviderFetchTimeout
androidx.fragment.R$styleable: int FontFamily_fontProviderPackage
androidx.fragment.R$styleable: int FontFamily_fontProviderQuery
androidx.fragment.R$styleable: int[] FontFamilyFont
androidx.fragment.R$styleable: int FontFamilyFont_android_font
androidx.fragment.R$styleable: int FontFamilyFont_android_fontWeight
androidx.fragment.R$styleable: int FontFamilyFont_android_fontStyle
androidx.fragment.R$styleable: int FontFamilyFont_android_ttcIndex
androidx.fragment.R$styleable: int FontFamilyFont_android_fontVariationSettings
androidx.fragment.R$styleable: int FontFamilyFont_font
androidx.fragment.R$styleable: int FontFamilyFont_fontStyle
androidx.fragment.R$styleable: int FontFamilyFont_fontVariationSettings
androidx.fragment.R$styleable: int FontFamilyFont_fontWeight
androidx.fragment.R$styleable: int FontFamilyFont_ttcIndex
androidx.fragment.R$styleable: int[] GradientColor
androidx.fragment.app.BackStackState: android.os.Parcelable$Creator CREATOR
androidx.fragment.app.Fragment$2
androidx.fragment.app.Fragment$SavedState: android.os.Parcelable$Creator CREATOR
androidx.fragment.app.FragmentManagerState: android.os.Parcelable$Creator CREATOR
androidx.fragment.app.FragmentState: android.os.Parcelable$Creator CREATOR
androidx.fragment.app.FragmentTabHost: void setOnTabChangedListener(android.widget.TabHost$OnTabChangeListener)
androidx.fragment.app.FragmentTabHost$SavedState: android.os.Parcelable$Creator CREATOR
androidx.lifecycle.CompositeGeneratedAdaptersObserver
androidx.lifecycle.FullLifecycleObserverAdapter
androidx.lifecycle.Lifecycle$Event: androidx.lifecycle.Lifecycle$Event ON_CREATE
androidx.lifecycle.Lifecycle$Event: androidx.lifecycle.Lifecycle$Event ON_START
androidx.lifecycle.Lifecycle$Event: androidx.lifecycle.Lifecycle$Event ON_RESUME
androidx.lifecycle.Lifecycle$Event: androidx.lifecycle.Lifecycle$Event ON_PAUSE
androidx.lifecycle.Lifecycle$Event: androidx.lifecycle.Lifecycle$Event ON_STOP
androidx.lifecycle.Lifecycle$Event: androidx.lifecycle.Lifecycle$Event ON_DESTROY
androidx.lifecycle.Lifecycle$Event: androidx.lifecycle.Lifecycle$Event ON_ANY
androidx.lifecycle.Lifecycle$Event: androidx.lifecycle.Lifecycle$Event[] $VALUES
androidx.lifecycle.Lifecycle$Event: androidx.lifecycle.Lifecycle$Event[] values()
androidx.lifecycle.Lifecycle$Event: androidx.lifecycle.Lifecycle$Event valueOf(java.lang.String)