flutter_camera_demo-master/build/app/outputs/mapping/release/mapping.txt
com.aeologic.fluttercameraapp.MainActivity -> com.aeologic.fluttercameraapp.MainActivity:
    void <init>() -> <init>
    void onCreate(android.os.Bundle) -> onCreate
...
io.flutter.plugin.common.BasicMessageChannel$1 -> io.flutter.a.a.b$1:
io.flutter.plugin.common.BasicMessageChannel$IncomingMessageHandler -> io.flutter.a.a.b$a:
    io.flutter.plugin.common.BasicMessageChannel$MessageHandler handler -> b
    io.flutter.plugin.common.BasicMessageChannel this$0 -> a
    void <init>(io.flutter.plugin.common.BasicMessageChannel,io.flutter.plugin.common.BasicMessageChannel$MessageHandler) -> <init>
    void <init>(io.flutter.plugin.common.BasicMessageChannel,io.flutter.plugin.common.BasicMessageChannel$MessageHandler,io.flutter.plugin.common.BasicMessageChannel$1) -> <init>
io.flutter.plugin.common.BasicMessageChannel$IncomingReplyHandler -> io.flutter.a.a.b$b:
    io.flutter.plugin.common.BasicMessageChannel$Reply callback -> b
    io.flutter.plugin.common.BasicMessageChannel this$0 -> a
    void <init>(io.flutter.plugin.common.BasicMessageChannel,io.flutter.plugin.common.BasicMessageChannel$Reply) -> <init>
    void <init>(io.flutter.plugin.common.BasicMessageChannel,io.flutter.plugin.common.BasicMessageChannel$Reply,io.flutter.plugin.common.BasicMessageChannel$1) -> <init>
io.flutter.plugin.common.BasicMessageChannel$MessageHandler -> io.flutter.a.a.b$c:
io.flutter.plugin.common.BasicMessageChannel$Reply -> io.flutter.a.a.b$d:
io.flutter.plugin.common.BinaryMessenger -> io.flutter.a.a.c:
    void send(java.lang.String,java.nio.ByteBuffer,io.flutter.plugin.common.BinaryMessenger$BinaryReply) -> a
    void setMessageHandler(java.lang.String,io.flutter.plugin.common.BinaryMessenger$BinaryMessageHandler) -> a
io.flutter.plugin.common.BinaryMessenger$BinaryMessageHandler -> io.flutter.a.a.c$a:
io.flutter.plugin.common.BinaryMessenger$BinaryReply -> io.flutter.a.a.c$b:
io.flutter.plugin.common.EventChannel -> io.flutter.a.a.d:
    io.flutter.plugin.common.BinaryMessenger messenger -> a
    java.lang.String name -> b
    io.flutter.plugin.common.MethodCodec codec -> c
    void <init>(io.flutter.plugin.common.BinaryMessenger,java.lang.String) -> <init>
    void <init>(io.flutter.plugin.common.BinaryMessenger,java.lang.String,io.flutter.plugin.common.MethodCodec) -> <init>
    void setStreamHandler(io.flutter.plugin.common.EventChannel$StreamHandler) -> a
io.flutter.plugin.common.EventChannel$EventSink -> io.flutter.a.a.d$a:
    void success(java.lang.Object) -> a
io.flutter.plugin.common.EventChannel$IncomingStreamRequestHandler -> io.flutter.a.a.d$b:
    io.flutter.plugin.common.EventChannel$StreamHandler handler -> b
    java.util.concurrent.atomic.AtomicReference activeSink -> c
    io.flutter.plugin.common.EventChannel this$0 -> a
    void <init>(io.flutter.plugin.common.EventChannel,io.flutter.plugin.common.EventChannel$StreamHandler) -> <init>
io.flutter.plugin.common.EventChannel$StreamHandler -> io.flutter.a.a.d$c:
io.flutter.plugin.common.JSONMessageCodec -> io.flutter.a.a.e:
    io.flutter.plugin.common.JSONMessageCodec INSTANCE -> a
    void <init>() -> <init>
    java.nio.ByteBuffer encodeMessage(java.lang.Object) -> a
    void <clinit>() -> <clinit>
io.flutter.plugin.common.JSONMethodCodec -> io.flutter.a.a.f:
    io.flutter.plugin.common.JSONMethodCodec INSTANCE -> a
    void <init>() -> <init>
    java.nio.ByteBuffer encodeMethodCall(io.flutter.plugin.common.MethodCall) -> a
    void <clinit>() -> <clinit>
io.flutter.plugin.common.JSONUtil -> io.flutter.a.a.g:
    java.lang.Object wrap(java.lang.Object) -> a
io.flutter.plugin.common.MessageCodec -> io.flutter.a.a.h:
    java.nio.ByteBuffer encodeMessage(java.lang.Object) -> a
io.flutter.plugin.common.MethodCall -> io.flutter.a.a.i:
    java.lang.String method -> a
    java.lang.Object arguments -> b
    void <init>(java.lang.String,java.lang.Object) -> <init>