flutter_camera_demo-master/build/app/outputs/mapping/release/usage.txt
com.aeologic.fluttercameraapp.BuildConfig
com.aeologic.fluttercameraapp.R
com.aeologic.fluttercameraapp.R$attr
com.aeologic.fluttercameraapp.R$color
com.aeologic.fluttercameraapp.R$dimen
com.aeologic.fluttercameraapp.R$drawable
com.aeologic.fluttercameraapp.R$id
com.aeologic.fluttercameraapp.R$integer
com.aeologic.fluttercameraapp.R$layout
com.aeologic.fluttercameraapp.R$mipmap
com.aeologic.fluttercameraapp.R$string
com.aeologic.fluttercameraapp.R$style
com.aeologic.fluttercameraapp.R$styleable
...
androidx.core.provider.FontsContractCompat$4$6
androidx.core.provider.FontsContractCompat$4$7
androidx.core.provider.FontsContractCompat$4$8
androidx.core.provider.FontsContractCompat$4$9
androidx.core.provider.FontsContractCompat$5
androidx.core.provider.FontsContractCompat$Columns
androidx.core.provider.FontsContractCompat$FontFamilyResult
androidx.core.provider.FontsContractCompat$FontInfo
androidx.core.provider.FontsContractCompat$FontRequestCallback
androidx.core.provider.FontsContractCompat$FontRequestCallback$FontRequestFailReason
androidx.core.provider.FontsContractCompat$TypefaceResult
androidx.core.provider.SelfDestructiveThread
androidx.core.provider.SelfDestructiveThread$1
androidx.core.provider.SelfDestructiveThread$2
androidx.core.provider.SelfDestructiveThread$2$1
androidx.core.provider.SelfDestructiveThread$3
androidx.core.provider.SelfDestructiveThread$ReplyCallback
androidx.core.telephony.mbms.MbmsHelper
androidx.core.text.BidiFormatter
androidx.core.text.BidiFormatter$Builder
androidx.core.text.BidiFormatter$DirectionalityEstimator
androidx.core.text.HtmlCompat
androidx.core.text.ICUCompat
androidx.core.text.PrecomputedTextCompat
androidx.core.text.PrecomputedTextCompat$Params
androidx.core.text.PrecomputedTextCompat$Params$Builder
androidx.core.text.PrecomputedTextCompat$PrecomputedTextFutureTask
androidx.core.text.PrecomputedTextCompat$PrecomputedTextFutureTask$PrecomputedTextCallback
androidx.core.text.TextDirectionHeuristicCompat
androidx.core.text.TextDirectionHeuristicsCompat
androidx.core.text.TextDirectionHeuristicsCompat$AnyStrong
androidx.core.text.TextDirectionHeuristicsCompat$FirstStrong
androidx.core.text.TextDirectionHeuristicsCompat$TextDirectionAlgorithm
androidx.core.text.TextDirectionHeuristicsCompat$TextDirectionHeuristicImpl
androidx.core.text.TextDirectionHeuristicsCompat$TextDirectionHeuristicInternal
androidx.core.text.TextDirectionHeuristicsCompat$TextDirectionHeuristicLocale
androidx.core.text.TextUtilsCompat
androidx.core.text.util.FindAddress
androidx.core.text.util.FindAddress$ZipRange
androidx.core.text.util.LinkifyCompat
androidx.core.text.util.LinkifyCompat$1
androidx.core.text.util.LinkifyCompat$LinkSpec
androidx.core.text.util.LinkifyCompat$LinkifyMask
androidx.core.util.AtomicFile
androidx.core.util.Consumer
androidx.core.util.DebugUtils:
    49:50:private DebugUtils()
androidx.core.util.ObjectsCompat
androidx.core.util.Pair
androidx.core.util.PatternsCompat
androidx.core.util.Pools
androidx.core.util.Pools$Pool
androidx.core.util.Pools$SimplePool
androidx.core.util.Pools$SynchronizedPool
androidx.core.util.Preconditions:
    35:38:public static void checkArgument(boolean)
    49:52:public static void checkArgument(boolean,java.lang.Object)
    63:66:public static java.lang.Object checkNotNull(java.lang.Object)
    95:98:public static void checkState(boolean,java.lang.String)
    108:109:public static void checkState(boolean)
    121:125:public static int checkArgumentNonnegative(int,java.lang.String)
    137:141:public static int checkArgumentNonnegative(int)
    158:168:public static int checkArgumentInRange(int,int,int,java.lang.String)
    171:172:private Preconditions()
androidx.core.util.Supplier
androidx.core.util.TimeUtils
androidx.core.view.AccessibilityDelegateCompat
androidx.core.view.AccessibilityDelegateCompat$AccessibilityDelegateAdapter
androidx.core.view.ActionProvider
androidx.core.view.ActionProvider$SubUiVisibilityListener
androidx.core.view.ActionProvider$VisibilityListener
androidx.core.view.DisplayCutoutCompat
androidx.core.view.DragAndDropPermissionsCompat
androidx.core.view.DragStartHelper
androidx.core.view.DragStartHelper$1
androidx.core.view.DragStartHelper$2
androidx.core.view.DragStartHelper$OnDragStartListener
androidx.core.view.GestureDetectorCompat
androidx.core.view.GestureDetectorCompat$GestureDetectorCompatImpl
androidx.core.view.GestureDetectorCompat$GestureDetectorCompatImplBase